<?xml version="1.0" encoding="UTF-8"?>
<testsuites name="Mocha Tests" time="55.674" tests="2" failures="2">
  <testsuite name="Root Suite" timestamp="2023-02-08T18:31:40" tests="0" file="cypress\e2e\mapview-tests\locationSelectorComponentSpec.cy.js" time="0.000" failures="0">
  </testsuite>
  <testsuite name="Location Selector Component verification" timestamp="2023-02-08T18:31:40" tests="2" time="55.663" failures="2">
    <testcase name="Location Selector Component verification check that location selector component is integrated to dashboard" time="0.000" classname="check that location selector component is integrated to dashboard">
      <failure message="Timed out retrying after 12000ms: Expected to find element: `.relative [data-testid=&quot;location-selector-input&quot;]`, but never found it." type="AssertionError"><![CDATA[AssertionError: Timed out retrying after 12000ms: Expected to find element: `.relative [data-testid="location-selector-input"]`, but never found it.
    at Context.eval (webpack:///./cypress/e2e/mapview-tests/locationSelectorComponentSpec.cy.js:8:62)]]></failure>
    </testcase>
    <testcase name="Location Selector Component verification check recent searches" time="0.000" classname="check recent searches">
      <failure message="Timed out retrying after 12000ms: Expected to find element: `.relative [data-testid=&quot;location-selector-input&quot;]`, but never found it." type="AssertionError"><![CDATA[AssertionError: Timed out retrying after 12000ms: Expected to find element: `.relative [data-testid="location-selector-input"]`, but never found it.
    at Context.eval (webpack:///./cypress/e2e/mapview-tests/locationSelectorComponentSpec.cy.js:13:62)]]></failure>
    </testcase>
  </testsuite>
</testsuites>