<?xml version="1.0" encoding="UTF-8"?>
<testsuites name="Mocha Tests" time="124.667" tests="3" failures="1">
  <testsuite name="Root Suite" timestamp="2023-02-08T19:01:47" tests="0" file="cypress\e2e\site-menu-tests\siteMenuSpec.cy.js" time="0.000" failures="0">
  </testsuite>
  <testsuite name="Side menu test verification" timestamp="2023-02-08T19:01:47" tests="3" time="124.652" failures="1">
    <testcase name="Side menu test verification &quot;before each&quot; hook for &quot;verify the header logo and side menu after clicking on the menu bar&quot;" time="0.000" classname="&quot;before each&quot; hook for &quot;verify the header logo and side menu after clicking on the menu bar&quot;">
      <failure message="Timed out retrying after 120000ms: Expected to find element: `[data-testid=&quot;spinner&quot;]`, but never found it.

Because this error occurred during a `before each` hook we are skipping the remaining tests in the current suite: `Side menu test verification`" type="AssertionError"><![CDATA[AssertionError: Timed out retrying after 120000ms: Expected to find element: `[data-testid="spinner"]`, but never found it.

Because this error occurred during a `before each` hook we are skipping the remaining tests in the current suite: `Side menu test verification`
    at Context.eval (webpack:///./cypress/support/commands.js:24:3)]]></failure>
    </testcase>
  </testsuite>
</testsuites>