<?xml version="1.0" encoding="UTF-8"?>
<testsuites name="Mocha Tests" time="33.968" tests="3" failures="1">
  <testsuite name="Root Suite" timestamp="2023-02-08T04:45:21" tests="0" file="cypress\e2e\landing-page-tests\statsViewSpec.cy.js" time="0.000" failures="0">
  </testsuite>
  <testsuite name="Landing stats view test verification" timestamp="2023-02-08T04:45:21" tests="3" time="33.956" failures="1">
    <testcase name="Landing stats view test verification &quot;before each&quot; hook for &quot;verify total assets tile&quot;" time="0.000" classname="&quot;before each&quot; hook for &quot;verify total assets tile&quot;">
      <failure message="Timed out retrying after 30000ms: Expected to find element: `[data-testid=&quot;spinner&quot;]`, but never found it.

Because this error occurred during a `before each` hook we are skipping the remaining tests in the current suite: `Landing stats view test ver...`" type="AssertionError"><![CDATA[AssertionError: Timed out retrying after 30000ms: Expected to find element: `[data-testid="spinner"]`, but never found it.

Because this error occurred during a `before each` hook we are skipping the remaining tests in the current suite: `Landing stats view test ver...`
    at Context.eval (webpack:///./cypress/support/commands.js:226:3)]]></failure>
    </testcase>
  </testsuite>
</testsuites>