<?xml version="1.0" encoding="UTF-8"?>
<testsuites name="Mocha Tests" time="133.874" tests="4" failures="4">
  <testsuite name="Root Suite" timestamp="2023-02-08T05:38:44" tests="0" file="cypress\e2e\mobile\mobileMenuSpec.cy.js" time="0.000" failures="0">
  </testsuite>
  <testsuite name="Mobile Asset Management View verification" timestamp="2023-02-08T05:38:44" tests="4" time="133.854" failures="4">
    <testcase name="Mobile Asset Management View verification Iphone portrait view" time="0.000" classname="Iphone portrait view">
      <failure message="Timed out retrying after 30000ms: Expected to find element: `[data-testid=&quot;spinner&quot;]`, but never found it." type="AssertionError"><![CDATA[AssertionError: Timed out retrying after 30000ms: Expected to find element: `[data-testid="spinner"]`, but never found it.
    at Context.eval (webpack:///./cypress/support/commands.js:226:3)]]></failure>
    </testcase>
    <testcase name="Mobile Asset Management View verification Iphone landscape view" time="0.000" classname="Iphone landscape view">
      <failure message="Timed out retrying after 30000ms: Expected to find element: `[data-testid=&quot;spinner&quot;]`, but never found it." type="AssertionError"><![CDATA[AssertionError: Timed out retrying after 30000ms: Expected to find element: `[data-testid="spinner"]`, but never found it.
    at Context.eval (webpack:///./cypress/support/commands.js:226:3)]]></failure>
    </testcase>
    <testcase name="Mobile Asset Management View verification Ipad portrait view" time="0.000" classname="Ipad portrait view">
      <failure message="Timed out retrying after 30000ms: Expected to find element: `[data-testid=&quot;spinner&quot;]`, but never found it." type="AssertionError"><![CDATA[AssertionError: Timed out retrying after 30000ms: Expected to find element: `[data-testid="spinner"]`, but never found it.
    at Context.eval (webpack:///./cypress/support/commands.js:226:3)]]></failure>
    </testcase>
    <testcase name="Mobile Asset Management View verification Ipad landscape view" time="0.000" classname="Ipad landscape view">
      <failure message="Timed out retrying after 30000ms: Expected to find element: `[data-testid=&quot;spinner&quot;]`, but never found it." type="AssertionError"><![CDATA[AssertionError: Timed out retrying after 30000ms: Expected to find element: `[data-testid="spinner"]`, but never found it.
    at Context.eval (webpack:///./cypress/support/commands.js:226:3)]]></failure>
    </testcase>
  </testsuite>
</testsuites>