<?xml version="1.0" encoding="UTF-8"?>
<testsuites name="Mocha Tests" time="123.907" tests="4" failures="1">
  <testsuite name="Root Suite" timestamp="2023-02-08T18:59:36" tests="0" file="cypress\e2e\site-menu-tests\headerViewSpec.cy.js" time="0.000" failures="0">
  </testsuite>
  <testsuite name="Header view test verification" timestamp="2023-02-08T18:59:36" tests="4" time="123.895" failures="1">
    <testcase name="Header view test verification &quot;before each&quot; hook for &quot;verify the header for Asset List page&quot;" time="0.000" classname="&quot;before each&quot; hook for &quot;verify the header for Asset List page&quot;">
      <failure message="Timed out retrying after 120000ms: Expected to find element: `[data-testid=&quot;spinner&quot;]`, but never found it.

Because this error occurred during a `before each` hook we are skipping the remaining tests in the current suite: `Header view test verification`" type="AssertionError"><![CDATA[AssertionError: Timed out retrying after 120000ms: Expected to find element: `[data-testid="spinner"]`, but never found it.

Because this error occurred during a `before each` hook we are skipping the remaining tests in the current suite: `Header view test verification`
    at Context.eval (webpack:///./cypress/support/commands.js:24:3)]]></failure>
    </testcase>
  </testsuite>
</testsuites>