<?xml version="1.0" encoding="UTF-8"?>
<testsuites name="Mocha Tests" time="123.262" tests="12" failures="1">
  <testsuite name="Root Suite" timestamp="2023-02-08T17:54:42" tests="0" file="cypress\e2e\asset-list-tests\searchAndFilterAssetsTests.cy.js" time="0.000" failures="0">
  </testsuite>
  <testsuite name="Search and filter assets" timestamp="2023-02-08T17:54:42" tests="12" time="123.244" failures="1">
    <testcase name="Search and filter assets &quot;before each&quot; hook for &quot;Search asset by address test&quot;" time="0.000" classname="&quot;before each&quot; hook for &quot;Search asset by address test&quot;">
      <failure message="Timed out retrying after 120000ms: Expected to find element: `[data-testid=&quot;spinner&quot;]`, but never found it.

Because this error occurred during a `before each` hook we are skipping the remaining tests in the current suite: `Search and filter assets`" type="AssertionError"><![CDATA[AssertionError: Timed out retrying after 120000ms: Expected to find element: `[data-testid="spinner"]`, but never found it.

Because this error occurred during a `before each` hook we are skipping the remaining tests in the current suite: `Search and filter assets`
    at Context.eval (webpack:///./cypress/support/commands.js:24:3)]]></failure>
    </testcase>
  </testsuite>
</testsuites>